[backblue.gif]
[fade.gif]
[index.html]
[yata.ostr.locaweb.com.br/473b8f2aaa515dfd884190efff455d0bf861cf911336a0cd9bffc016819bb7d5]
[yata.ostr.locaweb.com.br/44aed1269471f5a1a96e27d85a1b04fd63e6630b16274fb6544c5698d55014f4]
[www.google-analytics.com/analytics.js]
[yata.ostr.locaweb.com.br/db835cebf6f48d22ed705c3c48e4e0b9675d4c010fe224af52d5f0b00217b27a]
[yata.ostr.locaweb.com.br/3a817cdc214b97971beacd2ceb9b2786e0c654f55aef32ba778696dcd40169be]
[yata.ostr.locaweb.com.br/d0173f3e9b3be7b1fd946d393248bf608bd014a8ff0556cc2bd1e27900a85649]
[yata.ostr.locaweb.com.br/ac3ffa93223f32da54f86016139ad8343c5f1b2685a9885227ff75893b616ff8]
[yata.ostr.locaweb.com.br/3c214722d0485399157e30f2b9c23284a530bc051ef0acf853475932e466da57]
[first7.com.br/assets/criadordesites325e.js]
[first7.com.br/index.html]
[fonts.googleapis.com/css45a0.css]
[first7.com.br/assets/criadordesites325e.css]
[first7.com.br/home.html]
[first7.com.br/assets/criadordesitesdc2f.js]
[first7.com.br/empresa.html]
[yata.ostr.locaweb.com.br/28daf3aff04429c1b2041299915723933311afc0eecf60e8bdbf513c2006c0c3]
[yata.ostr.locaweb.com.br/cfd0490a86a33e9a26f3885bbd42cc6c6eb419d5848e7ad1b66f0b63ad933b6c]
[first7.com.br/solucoes.html]
[yata.ostr.locaweb.com.br/0926e54e686578ca6d14892a2a3ca65cece06dfa7a2b8fc58ec7091eb48859ad]
[yata.ostr.locaweb.com.br/f0545fec02b9dd8bf1da0b237b3c278f78acdc806c18a14a4aec07a12a9e2616]
[yata.ostr.locaweb.com.br/28a9a339afe8fe9def9a267a4a4f09daa1488765b25981a57c15273a4a397528]
[yata.ostr.locaweb.com.br/18f2c319190e1796fc625f63263821c7b46f3077166f4ab11ea01eaf9dfdd357]
[yata.ostr.locaweb.com.br/939db920b5d9eeb1bfbdc8c797ee9b8c47585ef3a8778866039b02e5535df444]
[yata.ostr.locaweb.com.br/d6d5024beeec54c2daa23644b7dad8fb0345955fa4e00ceec7c0e91b80c3a89f]
[yata.ostr.locaweb.com.br/031c16bcd3ad47f23d2350fdde0932271cc9597029dddb39a632cf6f00aaf230]
[yata.ostr.locaweb.com.br/f5644db55c98446ad535262ae70681a37646ed84cd8a71f7438bf642ac1a7474]
[yata.ostr.locaweb.com.br/e08bcad5aa8623d289547b0b0ed03f17e68b4b980f75674b5df916010b777f14]
[yata.ostr.locaweb.com.br/80e3b81610e3d7e8b0074d936a6816826ae508afab656fb6c8d31d57d498e088]
[yata.ostr.locaweb.com.br/d495b3a31a1488c85749312d92db721cdebc97164ddce8bc4bd421d2dac231ae]
[yata.ostr.locaweb.com.br/b305528ab2262075a435fca5b9e086f0dabf5acb90f71f81288691baf64539bc]
[yata.ostr.locaweb.com.br/359b447c5b5fe4b348daa6abc55f7239940f4e70540e76f9995f298e460294fe]
[first7.com.br/venda.html]
[yata.ostr.locaweb.com.br/7c41f2e684b042ea671d54a254391a00a3e35d12c753275ed29213a9193104d9]
[first7.com.br/consultoria.html]
[yata.ostr.locaweb.com.br/4385792525672e2f6c69882365f82e79d41483acf5c6a84c69686d927cefccbe]
[yata.ostr.locaweb.com.br/ce46d9bbb991720ec0c9390b11932312fd757113bd446d022e75439c2a32707d]
[yata.ostr.locaweb.com.br/87d42fc1afa6f7930a1fdffec78646825e0aa1eb8365b319bbdc38272fb5f4a0]
[yata.ostr.locaweb.com.br/c77ca450196189557238d98d88025e5878d2ee50c38cb1b9b436872e6179a4b5]
[yata.ostr.locaweb.com.br/379a2fc1b30c7c62c9e67216d5ed463d8b8ab645db59d3683bca611a72308277]
[yata.ostr.locaweb.com.br/64b48671a248d3f91580644f72372e3b738c91eb90b8c0d3c00d31d200c0044f]
[yata.ostr.locaweb.com.br/c3bb7bfeda72607ed36f206be83b79ac0b1c01729341d927132b04d402ab19ad]
[first7.com.br/infraestrutura.html]
[yata.ostr.locaweb.com.br/ebe8cf818015ef5e3c6672b0d3a0c6a8c2f59bee124d19249d1fa261df67fbdc]
[yata.ostr.locaweb.com.br/8591d7aff8f72101879d410049ef63744fd36c32e1368ba9c0cd9c75ce473544]
[first7.com.br/cftv.html]
[yata.ostr.locaweb.com.br/8fea6261c6bbf55e4bad38a185933ca0692d58caa431688ba64789c9f4219638]
[first7.com.br/planos.html]
[yata.ostr.locaweb.com.br/24966845b6e5476d7f3729e596912251ff2f84271b8fc0063028e3a0fbe5daf9]
[yata.ostr.locaweb.com.br/d93911dc69c4f0835c897954da541ca97b5b02fbf9dce14635a8799715c0934c]
[first7.com.br/assets/criadordesites7e9d.js]
[first7.com.br/software.html]
[yata.ostr.locaweb.com.br/8766c7bc857a7a8022c2a67787cdc489de76b25c67aa67dc3032d4334a6e3951]
[yata.ostr.locaweb.com.br/c140f1508f352bc20e0a1d345147858a6e55b6ed8b8b09831c11d826d4c3adbb]
[yata.ostr.locaweb.com.br/69df276a657e99552c29768884847e3a53785bcc8593aa6568b22be505e86714]
[yata.ostr.locaweb.com.br/824610f9bc607cb1ecb825cdd39bfb87a4fe7bdf27bb15359b0e4dcb4d23cd61]
[yata.ostr.locaweb.com.br/abc91fc55f40a9f8ae23e811f27b98a3f53992d751cd863e01fd85ac776346fa]
[yata.ostr.locaweb.com.br/192cc2b15b53ed938ccfaa4b586fc2a47bb745311f8a05e96aa9005cf8b6e8e9]
[yata.ostr.locaweb.com.br/f9e6983d8a0ffb59450e0f7f9c1c80b1c5ac0bf1dd085f19dc1ec52858bdc8cd]
[yata.ostr.locaweb.com.br/7d2413cfe5bde9aca7dfd32a677fbafe93d45a039f1dab47ef8d1789a88b2fcb]
[yata.ostr.locaweb.com.br/55878a6b8dc697706b45026a2414b61dac965b5ac3fe1e9f9eb523bb246e0856]
[yata.ostr.locaweb.com.br/096a8aee646deb3973bfa8bde5b6cd5f20a7c530ec9855633772ceb528e806ab]
[first7.com.br/clientes.html]
[first7.com.br/contato.html]
[first7.com.br/assets/owl.video.play.html]
[first7.com.br/assets/criadordesitesdc2f.css]
[first7.com.br/assets/criadordesites7e9d.css]
